<?xml version="1.0" encoding="UTF-8"?>
<!-- Generated by org.testng.reporters.JUnitXMLReporter -->
<testsuite hostname="BOOK120WM6" ignored="0" name="Registration and Login tests" tests="62" failures="10" timestamp="2020-09-23T15:29:57 NOVT" time="282.642" errors="0">
  <testcase name="loginWithWrongPasswordOrLoginTest" time="3.446" classname="ru.mail.regtest2020.tests.LoginTests"/>
  <testcase name="loginWithWrongPasswordOrLoginTest" time="3.506" classname="ru.mail.regtest2020.tests.LoginTests"/>
  <testcase name="successfulLoginTest" time="7.383" classname="ru.mail.regtest2020.tests.LoginTests"/>
  <testcase name="successfulLoginTest" time="7.034" classname="ru.mail.regtest2020.tests.LoginTests"/>
  <testcase name="checkRequiredFieldsTest" time="1.927" classname="ru.mail.regtest2020.tests.RegistrationTests"/>
  <testcase name="checkRequiredFieldsTest" time="0.939" classname="ru.mail.regtest2020.tests.RegistrationTests"/>
  <testcase name="checkRequiredFieldsTest" time="0.734" classname="ru.mail.regtest2020.tests.RegistrationTests"/>
  <testcase name="checkRequiredFieldsTest" time="1.117" classname="ru.mail.regtest2020.tests.RegistrationTests"/>
  <testcase name="checkRequiredFieldsTest" time="0.866" classname="ru.mail.regtest2020.tests.RegistrationTests"/>
  <testcase name="fillEmailCorrectDataTest" time="6.165" classname="ru.mail.regtest2020.tests.RegistrationTests"/>
  <testcase name="fillEmailCorrectDataTest" time="5.826" classname="ru.mail.regtest2020.tests.RegistrationTests"/>
  <testcase name="fillEmailCorrectDataTest" time="5.937" classname="ru.mail.regtest2020.tests.RegistrationTests"/>
  <testcase name="fillEmailCorrectDataTest" time="5.884" classname="ru.mail.regtest2020.tests.RegistrationTests"/>
  <testcase name="fillEmailCorrectDataTest" time="0.767" classname="ru.mail.regtest2020.tests.RegistrationTests">
    <failure type="java.lang.AssertionError" message="expected [false] but found [true]">
      <![CDATA[java.lang.AssertionError: expected [false] but found [true]
at ru.mail.regtest2020.tests.RegistrationTests.fillEmailCorrectDataTest(RegistrationTests.java:150)
at java.util.ArrayList.forEach(ArrayList.java:1257)
... Removed 35 stack frames]]>
    </failure>
  </testcase> <!-- fillEmailCorrectDataTest -->
  <testcase name="fillEmailCorrectDataTest" time="5.977" classname="ru.mail.regtest2020.tests.RegistrationTests"/>
  <testcase name="fillEmailCorrectDataTest" time="5.843" classname="ru.mail.regtest2020.tests.RegistrationTests"/>
  <testcase name="fillEmailCorrectDataTest" time="0.677" classname="ru.mail.regtest2020.tests.RegistrationTests">
    <failure type="java.lang.AssertionError" message="expected [false] but found [true]">
      <![CDATA[java.lang.AssertionError: expected [false] but found [true]
at ru.mail.regtest2020.tests.RegistrationTests.fillEmailCorrectDataTest(RegistrationTests.java:150)
at java.util.ArrayList.forEach(ArrayList.java:1257)
... Removed 35 stack frames]]>
    </failure>
  </testcase> <!-- fillEmailCorrectDataTest -->
  <testcase name="fillEmailIncorrectDataTest" time="0.955" classname="ru.mail.regtest2020.tests.RegistrationTests"/>
  <testcase name="fillEmailIncorrectDataTest" time="0.951" classname="ru.mail.regtest2020.tests.RegistrationTests"/>
  <testcase name="fillEmailIncorrectDataTest" time="0.885" classname="ru.mail.regtest2020.tests.RegistrationTests"/>
  <testcase name="fillEmailIncorrectDataTest" time="0.678" classname="ru.mail.regtest2020.tests.RegistrationTests"/>
  <testcase name="fillEmailIncorrectDataTest" time="1.263" classname="ru.mail.regtest2020.tests.RegistrationTests"/>
  <testcase name="fillEmailIncorrectDataTest" time="0.888" classname="ru.mail.regtest2020.tests.RegistrationTests"/>
  <testcase name="fillEmailIncorrectDataTest" time="0.961" classname="ru.mail.regtest2020.tests.RegistrationTests"/>
  <testcase name="fillEmailIncorrectDataTest" time="1.797" classname="ru.mail.regtest2020.tests.RegistrationTests"/>
  <testcase name="fillFirstNameCorrectDataTest" time="5.85" classname="ru.mail.regtest2020.tests.RegistrationTests"/>
  <testcase name="fillFirstNameCorrectDataTest" time="5.78" classname="ru.mail.regtest2020.tests.RegistrationTests"/>
  <testcase name="fillFirstNameCorrectDataTest" time="5.568" classname="ru.mail.regtest2020.tests.RegistrationTests"/>
  <testcase name="fillFirstNameCorrectDataTest" time="5.581" classname="ru.mail.regtest2020.tests.RegistrationTests"/>
  <testcase name="fillFirstNameCorrectDataTest" time="5.628" classname="ru.mail.regtest2020.tests.RegistrationTests"/>
  <testcase name="fillFirstNameCorrectDataTest" time="5.693" classname="ru.mail.regtest2020.tests.RegistrationTests"/>
  <testcase name="fillFirstNameIncorrectDataTest" time="0.514" classname="ru.mail.regtest2020.tests.RegistrationTests"/>
  <testcase name="fillFirstNameIncorrectDataTest" time="0.6" classname="ru.mail.regtest2020.tests.RegistrationTests"/>
  <testcase name="fillFirstNameIncorrectDataTest" time="0.72" classname="ru.mail.regtest2020.tests.RegistrationTests"/>
  <testcase name="fillFirstNameIncorrectDataTest" time="0.539" classname="ru.mail.regtest2020.tests.RegistrationTests"/>
  <testcase name="fillFirstNameIncorrectDataTest" time="0.754" classname="ru.mail.regtest2020.tests.RegistrationTests"/>
  <testcase name="fillFirstNameIncorrectDataTest" time="0.595" classname="ru.mail.regtest2020.tests.RegistrationTests"/>
  <testcase name="fillFirstNameIncorrectDataTest" time="5.585" classname="ru.mail.regtest2020.tests.RegistrationTests">
    <failure type="java.lang.AssertionError" message="expected [true] but found [false]">
      <![CDATA[java.lang.AssertionError: expected [true] but found [false]
at ru.mail.regtest2020.tests.RegistrationTests.fillFirstNameIncorrectDataTest(RegistrationTests.java:111)
at java.util.ArrayList.forEach(ArrayList.java:1257)
... Removed 35 stack frames]]>
    </failure>
  </testcase> <!-- fillFirstNameIncorrectDataTest -->
  <testcase name="fillFirstNameIncorrectDataTest" time="5.55" classname="ru.mail.regtest2020.tests.RegistrationTests">
    <failure type="java.lang.AssertionError" message="expected [true] but found [false]">
      <![CDATA[java.lang.AssertionError: expected [true] but found [false]
at ru.mail.regtest2020.tests.RegistrationTests.fillFirstNameIncorrectDataTest(RegistrationTests.java:111)
at java.util.ArrayList.forEach(ArrayList.java:1257)
... Removed 35 stack frames]]>
    </failure>
  </testcase> <!-- fillFirstNameIncorrectDataTest -->
  <testcase name="fillLastNameCorrectDataTest" time="5.494" classname="ru.mail.regtest2020.tests.RegistrationTests"/>
  <testcase name="fillLastNameCorrectDataTest" time="5.642" classname="ru.mail.regtest2020.tests.RegistrationTests"/>
  <testcase name="fillLastNameCorrectDataTest" time="5.583" classname="ru.mail.regtest2020.tests.RegistrationTests"/>
  <testcase name="fillLastNameCorrectDataTest" time="5.524" classname="ru.mail.regtest2020.tests.RegistrationTests"/>
  <testcase name="fillLastNameCorrectDataTest" time="5.569" classname="ru.mail.regtest2020.tests.RegistrationTests"/>
  <testcase name="fillLastNameCorrectDataTest" time="5.629" classname="ru.mail.regtest2020.tests.RegistrationTests"/>
  <testcase name="fillLastNameIncorrectDataTest" time="5.673" classname="ru.mail.regtest2020.tests.RegistrationTests">
    <failure type="java.lang.AssertionError" message="expected [true] but found [false]">
      <![CDATA[java.lang.AssertionError: expected [true] but found [false]
at ru.mail.regtest2020.tests.RegistrationTests.fillLastNameIncorrectDataTest(RegistrationTests.java:85)
at java.util.ArrayList.forEach(ArrayList.java:1257)
... Removed 35 stack frames]]>
    </failure>
  </testcase> <!-- fillLastNameIncorrectDataTest -->
  <testcase name="fillLastNameIncorrectDataTest" time="5.561" classname="ru.mail.regtest2020.tests.RegistrationTests">
    <failure type="java.lang.AssertionError" message="expected [true] but found [false]">
      <![CDATA[java.lang.AssertionError: expected [true] but found [false]
at ru.mail.regtest2020.tests.RegistrationTests.fillLastNameIncorrectDataTest(RegistrationTests.java:85)
at java.util.ArrayList.forEach(ArrayList.java:1257)
... Removed 35 stack frames]]>
    </failure>
  </testcase> <!-- fillLastNameIncorrectDataTest -->
  <testcase name="fillLastNameIncorrectDataTest" time="5.639" classname="ru.mail.regtest2020.tests.RegistrationTests">
    <failure type="java.lang.AssertionError" message="expected [true] but found [false]">
      <![CDATA[java.lang.AssertionError: expected [true] but found [false]
at ru.mail.regtest2020.tests.RegistrationTests.fillLastNameIncorrectDataTest(RegistrationTests.java:85)
at java.util.ArrayList.forEach(ArrayList.java:1257)
... Removed 35 stack frames]]>
    </failure>
  </testcase> <!-- fillLastNameIncorrectDataTest -->
  <testcase name="fillLastNameIncorrectDataTest" time="0.521" classname="ru.mail.regtest2020.tests.RegistrationTests"/>
  <testcase name="fillLastNameIncorrectDataTest" time="5.809" classname="ru.mail.regtest2020.tests.RegistrationTests">
    <failure type="java.lang.AssertionError" message="expected [true] but found [false]">
      <![CDATA[java.lang.AssertionError: expected [true] but found [false]
at ru.mail.regtest2020.tests.RegistrationTests.fillLastNameIncorrectDataTest(RegistrationTests.java:85)
at java.util.ArrayList.forEach(ArrayList.java:1257)
... Removed 35 stack frames]]>
    </failure>
  </testcase> <!-- fillLastNameIncorrectDataTest -->
  <testcase name="fillLastNameIncorrectDataTest" time="5.552" classname="ru.mail.regtest2020.tests.RegistrationTests">
    <failure type="java.lang.AssertionError" message="expected [true] but found [false]">
      <![CDATA[java.lang.AssertionError: expected [true] but found [false]
at ru.mail.regtest2020.tests.RegistrationTests.fillLastNameIncorrectDataTest(RegistrationTests.java:85)
at java.util.ArrayList.forEach(ArrayList.java:1257)
... Removed 35 stack frames]]>
    </failure>
  </testcase> <!-- fillLastNameIncorrectDataTest -->
  <testcase name="fillLastNameIncorrectDataTest" time="5.5" classname="ru.mail.regtest2020.tests.RegistrationTests">
    <failure type="java.lang.AssertionError" message="expected [true] but found [false]">
      <![CDATA[java.lang.AssertionError: expected [true] but found [false]
at ru.mail.regtest2020.tests.RegistrationTests.fillLastNameIncorrectDataTest(RegistrationTests.java:85)
at java.util.ArrayList.forEach(ArrayList.java:1257)
... Removed 35 stack frames]]>
    </failure>
  </testcase> <!-- fillLastNameIncorrectDataTest -->
  <testcase name="fillLastNameIncorrectDataTest" time="0.54" classname="ru.mail.regtest2020.tests.RegistrationTests"/>
  <testcase name="fillPasswordCorrectDataTest" time="5.636" classname="ru.mail.regtest2020.tests.RegistrationTests"/>
  <testcase name="fillPasswordCorrectDataTest" time="5.671" classname="ru.mail.regtest2020.tests.RegistrationTests"/>
  <testcase name="fillPasswordCorrectDataTest" time="5.658" classname="ru.mail.regtest2020.tests.RegistrationTests"/>
  <testcase name="fillPasswordIncorrectDataTest" time="0.725" classname="ru.mail.regtest2020.tests.RegistrationTests"/>
  <testcase name="fillPasswordIncorrectDataTest" time="0.901" classname="ru.mail.regtest2020.tests.RegistrationTests"/>
  <testcase name="fillPasswordIncorrectDataTest" time="0.755" classname="ru.mail.regtest2020.tests.RegistrationTests"/>
  <testcase name="passwordNotConfirmedTest" time="0.286" classname="ru.mail.regtest2020.tests.RegistrationTests"/>
  <testcase name="registrationWithExistEmailTest" time="1.063" classname="ru.mail.regtest2020.tests.RegistrationTests"/>
  <testcase name="successfulRegistrationTest" time="4.399" classname="ru.mail.regtest2020.tests.RegistrationTests"/>
</testsuite> <!-- Registration and Login tests -->
