<html>
<head>
<title>TestNG:  Registration and Login tests</title>
<link href="../testng.css" rel="stylesheet" type="text/css" />
<link href="../my-testng.css" rel="stylesheet" type="text/css" />

<style type="text/css">
.log { display: none;} 
.stack-trace { display: none;} 
</style>
<script type="text/javascript">
<!--
function flip(e) {
  current = e.style.display;
  if (current == 'block') {
    e.style.display = 'none';
    return 0;
  }
  else {
    e.style.display = 'block';
    return 1;
  }
}

function toggleBox(szDivId, elem, msg1, msg2)
{
  var res = -1;  if (document.getElementById) {
    res = flip(document.getElementById(szDivId));
  }
  else if (document.all) {
    // this is the way old msie versions work
    res = flip(document.all[szDivId]);
  }
  if(elem) {
    if(res == 0) elem.innerHTML = msg1; else elem.innerHTML = msg2;
  }

}

function toggleAllBoxes() {
  if (document.getElementsByTagName) {
    d = document.getElementsByTagName('div');
    for (i = 0; i < d.length; i++) {
      if (d[i].className == 'log') {
        flip(d[i]);
      }
    }
  }
}

// -->
</script>

</head>
<body>
<h2 align='center'>Registration and Login tests</h2><table border='1' align="center">
<tr>
<td>Tests passed/Failed/Skipped:</td><td>52/10/0</td>
</tr><tr>
<td>Started on:</td><td>Wed Sep 23 15:25:14 NOVT 2020</td>
</tr>
<tr><td>Total time:</td><td>282 seconds (282642 ms)</td>
</tr><tr>
<td>Included groups:</td><td></td>
</tr><tr>
<td>Excluded groups:</td><td></td>
</tr>
</table><p/>
<small><i>(Hover the method name to see the test class name)</i></small><p/>
<table width='100%' border='1' class='invocation-failed'>
<tr><td colspan='4' align='center'><b>FAILED TESTS</b></td></tr>
<tr><td><b>Test method</b></td>
<td width="30%"><b>Exception</b></td>
<td width="10%"><b>Time (seconds)</b></td>
<td><b>Instance</b></td>
</tr>
<tr>
<td title='ru.mail.regtest2020.tests.RegistrationTests.fillEmailCorrectDataTest()'><b>fillEmailCorrectDataTest</b><br>Test class: ru.mail.regtest2020.tests.RegistrationTests<br>Parameters: ivan@mail_mail.ru </td>
<td><div><pre>java.lang.AssertionError: expected [false] but found [true]
	at ru.mail.regtest2020.tests.RegistrationTests.fillEmailCorrectDataTest(RegistrationTests.java:150)
	at java.util.ArrayList.forEach(ArrayList.java:1257)
... Removed 35 stack frames</pre></div><a href='#' onClick='toggleBox("stack-trace2102123480", this, "Click to show all stack frames", "Click to hide stack frames")'>Click to show all stack frames</a>
<div class='stack-trace' id='stack-trace2102123480'><pre>java.lang.AssertionError: expected [false] but found [true]
	at org.testng.Assert.fail(Assert.java:99)
	at org.testng.Assert.failNotEquals(Assert.java:1037)
	at org.testng.Assert.assertFalse(Assert.java:67)
	at org.testng.Assert.assertFalse(Assert.java:77)
	at ru.mail.regtest2020.tests.RegistrationTests.fillEmailCorrectDataTest(RegistrationTests.java:150)
	at sun.reflect.NativeMethodAccessorImpl.invoke0(Native Method)
	at sun.reflect.NativeMethodAccessorImpl.invoke(NativeMethodAccessorImpl.java:62)
	at sun.reflect.DelegatingMethodAccessorImpl.invoke(DelegatingMethodAccessorImpl.java:43)
	at java.lang.reflect.Method.invoke(Method.java:498)
	at org.testng.internal.MethodInvocationHelper.invokeMethod(MethodInvocationHelper.java:132)
	at org.testng.internal.TestInvoker.invokeMethod(TestInvoker.java:599)
	at org.testng.internal.TestInvoker.invokeTestMethod(TestInvoker.java:174)
	at org.testng.internal.MethodRunner.runInSequence(MethodRunner.java:46)
	at org.testng.internal.TestInvoker$MethodInvocationAgent.invoke(TestInvoker.java:822)
	at org.testng.internal.TestInvoker.invokeTestMethods(TestInvoker.java:147)
	at org.testng.internal.TestMethodWorker.invokeTestMethods(TestMethodWorker.java:146)
	at org.testng.internal.TestMethodWorker.run(TestMethodWorker.java:128)
	at java.util.ArrayList.forEach(ArrayList.java:1257)
	at org.testng.TestRunner.privateRun(TestRunner.java:764)
	at org.testng.TestRunner.run(TestRunner.java:585)
	at org.testng.SuiteRunner.runTest(SuiteRunner.java:384)
	at org.testng.SuiteRunner.runSequentially(SuiteRunner.java:378)
	at org.testng.SuiteRunner.privateRun(SuiteRunner.java:337)
	at org.testng.SuiteRunner.run(SuiteRunner.java:286)
	at org.testng.SuiteRunnerWorker.runSuite(SuiteRunnerWorker.java:53)
	at org.testng.SuiteRunnerWorker.run(SuiteRunnerWorker.java:96)
	at org.testng.TestNG.runSuitesSequentially(TestNG.java:1218)
	at org.testng.TestNG.runSuitesLocally(TestNG.java:1140)
	at org.testng.TestNG.runSuites(TestNG.java:1069)
	at org.testng.TestNG.run(TestNG.java:1037)
	at org.apache.maven.surefire.testng.TestNGExecutor.run(TestNGExecutor.java:284)
	at org.apache.maven.surefire.testng.TestNGXmlTestSuite.execute(TestNGXmlTestSuite.java:75)
	at org.apache.maven.surefire.testng.TestNGProvider.invoke(TestNGProvider.java:119)
	at org.apache.maven.surefire.booter.ForkedBooter.runSuitesInProcess(ForkedBooter.java:428)
	at org.apache.maven.surefire.booter.ForkedBooter.execute(ForkedBooter.java:162)
	at org.apache.maven.surefire.booter.ForkedBooter.run(ForkedBooter.java:562)
	at org.apache.maven.surefire.booter.ForkedBooter.main(ForkedBooter.java:548)
</pre></div></td>
<td>0</td>
<td>ru.mail.regtest2020.tests.RegistrationTests@5167268</td></tr>
<tr>
<td title='ru.mail.regtest2020.tests.RegistrationTests.fillEmailCorrectDataTest()'><b>fillEmailCorrectDataTest</b><br>Test class: ru.mail.regtest2020.tests.RegistrationTests<br>Parameters: IVAN@почта.рф</td>
<td><div><pre>java.lang.AssertionError: expected [false] but found [true]
	at ru.mail.regtest2020.tests.RegistrationTests.fillEmailCorrectDataTest(RegistrationTests.java:150)
	at java.util.ArrayList.forEach(ArrayList.java:1257)
... Removed 35 stack frames</pre></div><a href='#' onClick='toggleBox("stack-trace1984575591", this, "Click to show all stack frames", "Click to hide stack frames")'>Click to show all stack frames</a>
<div class='stack-trace' id='stack-trace1984575591'><pre>java.lang.AssertionError: expected [false] but found [true]
	at org.testng.Assert.fail(Assert.java:99)
	at org.testng.Assert.failNotEquals(Assert.java:1037)
	at org.testng.Assert.assertFalse(Assert.java:67)
	at org.testng.Assert.assertFalse(Assert.java:77)
	at ru.mail.regtest2020.tests.RegistrationTests.fillEmailCorrectDataTest(RegistrationTests.java:150)
	at sun.reflect.NativeMethodAccessorImpl.invoke0(Native Method)
	at sun.reflect.NativeMethodAccessorImpl.invoke(NativeMethodAccessorImpl.java:62)
	at sun.reflect.DelegatingMethodAccessorImpl.invoke(DelegatingMethodAccessorImpl.java:43)
	at java.lang.reflect.Method.invoke(Method.java:498)
	at org.testng.internal.MethodInvocationHelper.invokeMethod(MethodInvocationHelper.java:132)
	at org.testng.internal.TestInvoker.invokeMethod(TestInvoker.java:599)
	at org.testng.internal.TestInvoker.invokeTestMethod(TestInvoker.java:174)
	at org.testng.internal.MethodRunner.runInSequence(MethodRunner.java:46)
	at org.testng.internal.TestInvoker$MethodInvocationAgent.invoke(TestInvoker.java:822)
	at org.testng.internal.TestInvoker.invokeTestMethods(TestInvoker.java:147)
	at org.testng.internal.TestMethodWorker.invokeTestMethods(TestMethodWorker.java:146)
	at org.testng.internal.TestMethodWorker.run(TestMethodWorker.java:128)
	at java.util.ArrayList.forEach(ArrayList.java:1257)
	at org.testng.TestRunner.privateRun(TestRunner.java:764)
	at org.testng.TestRunner.run(TestRunner.java:585)
	at org.testng.SuiteRunner.runTest(SuiteRunner.java:384)
	at org.testng.SuiteRunner.runSequentially(SuiteRunner.java:378)
	at org.testng.SuiteRunner.privateRun(SuiteRunner.java:337)
	at org.testng.SuiteRunner.run(SuiteRunner.java:286)
	at org.testng.SuiteRunnerWorker.runSuite(SuiteRunnerWorker.java:53)
	at org.testng.SuiteRunnerWorker.run(SuiteRunnerWorker.java:96)
	at org.testng.TestNG.runSuitesSequentially(TestNG.java:1218)
	at org.testng.TestNG.runSuitesLocally(TestNG.java:1140)
	at org.testng.TestNG.runSuites(TestNG.java:1069)
	at org.testng.TestNG.run(TestNG.java:1037)
	at org.apache.maven.surefire.testng.TestNGExecutor.run(TestNGExecutor.java:284)
	at org.apache.maven.surefire.testng.TestNGXmlTestSuite.execute(TestNGXmlTestSuite.java:75)
	at org.apache.maven.surefire.testng.TestNGProvider.invoke(TestNGProvider.java:119)
	at org.apache.maven.surefire.booter.ForkedBooter.runSuitesInProcess(ForkedBooter.java:428)
	at org.apache.maven.surefire.booter.ForkedBooter.execute(ForkedBooter.java:162)
	at org.apache.maven.surefire.booter.ForkedBooter.run(ForkedBooter.java:562)
	at org.apache.maven.surefire.booter.ForkedBooter.main(ForkedBooter.java:548)
</pre></div></td>
<td>0</td>
<td>ru.mail.regtest2020.tests.RegistrationTests@5167268</td></tr>
<tr>
<td title='ru.mail.regtest2020.tests.RegistrationTests.fillFirstNameIncorrectDataTest()'><b>fillFirstNameIncorrectDataTest</b><br>Test class: ru.mail.regtest2020.tests.RegistrationTests<br>Parameters: 2</td>
<td><div><pre>java.lang.AssertionError: expected [true] but found [false]
	at ru.mail.regtest2020.tests.RegistrationTests.fillFirstNameIncorrectDataTest(RegistrationTests.java:111)
	at java.util.ArrayList.forEach(ArrayList.java:1257)
... Removed 35 stack frames</pre></div><a href='#' onClick='toggleBox("stack-trace874771283", this, "Click to show all stack frames", "Click to hide stack frames")'>Click to show all stack frames</a>
<div class='stack-trace' id='stack-trace874771283'><pre>java.lang.AssertionError: expected [true] but found [false]
	at org.testng.Assert.fail(Assert.java:99)
	at org.testng.Assert.failNotEquals(Assert.java:1037)
	at org.testng.Assert.assertTrue(Assert.java:45)
	at org.testng.Assert.assertTrue(Assert.java:55)
	at ru.mail.regtest2020.tests.RegistrationTests.fillFirstNameIncorrectDataTest(RegistrationTests.java:111)
	at sun.reflect.NativeMethodAccessorImpl.invoke0(Native Method)
	at sun.reflect.NativeMethodAccessorImpl.invoke(NativeMethodAccessorImpl.java:62)
	at sun.reflect.DelegatingMethodAccessorImpl.invoke(DelegatingMethodAccessorImpl.java:43)
	at java.lang.reflect.Method.invoke(Method.java:498)
	at org.testng.internal.MethodInvocationHelper.invokeMethod(MethodInvocationHelper.java:132)
	at org.testng.internal.TestInvoker.invokeMethod(TestInvoker.java:599)
	at org.testng.internal.TestInvoker.invokeTestMethod(TestInvoker.java:174)
	at org.testng.internal.MethodRunner.runInSequence(MethodRunner.java:46)
	at org.testng.internal.TestInvoker$MethodInvocationAgent.invoke(TestInvoker.java:822)
	at org.testng.internal.TestInvoker.invokeTestMethods(TestInvoker.java:147)
	at org.testng.internal.TestMethodWorker.invokeTestMethods(TestMethodWorker.java:146)
	at org.testng.internal.TestMethodWorker.run(TestMethodWorker.java:128)
	at java.util.ArrayList.forEach(ArrayList.java:1257)
	at org.testng.TestRunner.privateRun(TestRunner.java:764)
	at org.testng.TestRunner.run(TestRunner.java:585)
	at org.testng.SuiteRunner.runTest(SuiteRunner.java:384)
	at org.testng.SuiteRunner.runSequentially(SuiteRunner.java:378)
	at org.testng.SuiteRunner.privateRun(SuiteRunner.java:337)
	at org.testng.SuiteRunner.run(SuiteRunner.java:286)
	at org.testng.SuiteRunnerWorker.runSuite(SuiteRunnerWorker.java:53)
	at org.testng.SuiteRunnerWorker.run(SuiteRunnerWorker.java:96)
	at org.testng.TestNG.runSuitesSequentially(TestNG.java:1218)
	at org.testng.TestNG.runSuitesLocally(TestNG.java:1140)
	at org.testng.TestNG.runSuites(TestNG.java:1069)
	at org.testng.TestNG.run(TestNG.java:1037)
	at org.apache.maven.surefire.testng.TestNGExecutor.run(TestNGExecutor.java:284)
	at org.apache.maven.surefire.testng.TestNGXmlTestSuite.execute(TestNGXmlTestSuite.java:75)
	at org.apache.maven.surefire.testng.TestNGProvider.invoke(TestNGProvider.java:119)
	at org.apache.maven.surefire.booter.ForkedBooter.runSuitesInProcess(ForkedBooter.java:428)
	at org.apache.maven.surefire.booter.ForkedBooter.execute(ForkedBooter.java:162)
	at org.apache.maven.surefire.booter.ForkedBooter.run(ForkedBooter.java:562)
	at org.apache.maven.surefire.booter.ForkedBooter.main(ForkedBooter.java:548)
</pre></div></td>
<td>5</td>
<td>ru.mail.regtest2020.tests.RegistrationTests@5167268</td></tr>
<tr>
<td title='ru.mail.regtest2020.tests.RegistrationTests.fillFirstNameIncorrectDataTest()'><b>fillFirstNameIncorrectDataTest</b><br>Test class: ru.mail.regtest2020.tests.RegistrationTests<br>Parameters: =</td>
<td><div><pre>java.lang.AssertionError: expected [true] but found [false]
	at ru.mail.regtest2020.tests.RegistrationTests.fillFirstNameIncorrectDataTest(RegistrationTests.java:111)
	at java.util.ArrayList.forEach(ArrayList.java:1257)
... Removed 35 stack frames</pre></div><a href='#' onClick='toggleBox("stack-trace13612130", this, "Click to show all stack frames", "Click to hide stack frames")'>Click to show all stack frames</a>
<div class='stack-trace' id='stack-trace13612130'><pre>java.lang.AssertionError: expected [true] but found [false]
	at org.testng.Assert.fail(Assert.java:99)
	at org.testng.Assert.failNotEquals(Assert.java:1037)
	at org.testng.Assert.assertTrue(Assert.java:45)
	at org.testng.Assert.assertTrue(Assert.java:55)
	at ru.mail.regtest2020.tests.RegistrationTests.fillFirstNameIncorrectDataTest(RegistrationTests.java:111)
	at sun.reflect.NativeMethodAccessorImpl.invoke0(Native Method)
	at sun.reflect.NativeMethodAccessorImpl.invoke(NativeMethodAccessorImpl.java:62)
	at sun.reflect.DelegatingMethodAccessorImpl.invoke(DelegatingMethodAccessorImpl.java:43)
	at java.lang.reflect.Method.invoke(Method.java:498)
	at org.testng.internal.MethodInvocationHelper.invokeMethod(MethodInvocationHelper.java:132)
	at org.testng.internal.TestInvoker.invokeMethod(TestInvoker.java:599)
	at org.testng.internal.TestInvoker.invokeTestMethod(TestInvoker.java:174)
	at org.testng.internal.MethodRunner.runInSequence(MethodRunner.java:46)
	at org.testng.internal.TestInvoker$MethodInvocationAgent.invoke(TestInvoker.java:822)
	at org.testng.internal.TestInvoker.invokeTestMethods(TestInvoker.java:147)
	at org.testng.internal.TestMethodWorker.invokeTestMethods(TestMethodWorker.java:146)
	at org.testng.internal.TestMethodWorker.run(TestMethodWorker.java:128)
	at java.util.ArrayList.forEach(ArrayList.java:1257)
	at org.testng.TestRunner.privateRun(TestRunner.java:764)
	at org.testng.TestRunner.run(TestRunner.java:585)
	at org.testng.SuiteRunner.runTest(SuiteRunner.java:384)
	at org.testng.SuiteRunner.runSequentially(SuiteRunner.java:378)
	at org.testng.SuiteRunner.privateRun(SuiteRunner.java:337)
	at org.testng.SuiteRunner.run(SuiteRunner.java:286)
	at org.testng.SuiteRunnerWorker.runSuite(SuiteRunnerWorker.java:53)
	at org.testng.SuiteRunnerWorker.run(SuiteRunnerWorker.java:96)
	at org.testng.TestNG.runSuitesSequentially(TestNG.java:1218)
	at org.testng.TestNG.runSuitesLocally(TestNG.java:1140)
	at org.testng.TestNG.runSuites(TestNG.java:1069)
	at org.testng.TestNG.run(TestNG.java:1037)
	at org.apache.maven.surefire.testng.TestNGExecutor.run(TestNGExecutor.java:284)
	at org.apache.maven.surefire.testng.TestNGXmlTestSuite.execute(TestNGXmlTestSuite.java:75)
	at org.apache.maven.surefire.testng.TestNGProvider.invoke(TestNGProvider.java:119)
	at org.apache.maven.surefire.booter.ForkedBooter.runSuitesInProcess(ForkedBooter.java:428)
	at org.apache.maven.surefire.booter.ForkedBooter.execute(ForkedBooter.java:162)
	at org.apache.maven.surefire.booter.ForkedBooter.run(ForkedBooter.java:562)
	at org.apache.maven.surefire.booter.ForkedBooter.main(ForkedBooter.java:548)
</pre></div></td>
<td>5</td>
<td>ru.mail.regtest2020.tests.RegistrationTests@5167268</td></tr>
<tr>
<td title='ru.mail.regtest2020.tests.RegistrationTests.fillLastNameIncorrectDataTest()'><b>fillLastNameIncorrectDataTest</b><br>Test class: ru.mail.regtest2020.tests.RegistrationTests<br>Parameters: Булкин2</td>
<td><div><pre>java.lang.AssertionError: expected [true] but found [false]
	at ru.mail.regtest2020.tests.RegistrationTests.fillLastNameIncorrectDataTest(RegistrationTests.java:85)
	at java.util.ArrayList.forEach(ArrayList.java:1257)
... Removed 35 stack frames</pre></div><a href='#' onClick='toggleBox("stack-trace557828071", this, "Click to show all stack frames", "Click to hide stack frames")'>Click to show all stack frames</a>
<div class='stack-trace' id='stack-trace557828071'><pre>java.lang.AssertionError: expected [true] but found [false]
	at org.testng.Assert.fail(Assert.java:99)
	at org.testng.Assert.failNotEquals(Assert.java:1037)
	at org.testng.Assert.assertTrue(Assert.java:45)
	at org.testng.Assert.assertTrue(Assert.java:55)
	at ru.mail.regtest2020.tests.RegistrationTests.fillLastNameIncorrectDataTest(RegistrationTests.java:85)
	at sun.reflect.NativeMethodAccessorImpl.invoke0(Native Method)
	at sun.reflect.NativeMethodAccessorImpl.invoke(NativeMethodAccessorImpl.java:62)
	at sun.reflect.DelegatingMethodAccessorImpl.invoke(DelegatingMethodAccessorImpl.java:43)
	at java.lang.reflect.Method.invoke(Method.java:498)
	at org.testng.internal.MethodInvocationHelper.invokeMethod(MethodInvocationHelper.java:132)
	at org.testng.internal.TestInvoker.invokeMethod(TestInvoker.java:599)
	at org.testng.internal.TestInvoker.invokeTestMethod(TestInvoker.java:174)
	at org.testng.internal.MethodRunner.runInSequence(MethodRunner.java:46)
	at org.testng.internal.TestInvoker$MethodInvocationAgent.invoke(TestInvoker.java:822)
	at org.testng.internal.TestInvoker.invokeTestMethods(TestInvoker.java:147)
	at org.testng.internal.TestMethodWorker.invokeTestMethods(TestMethodWorker.java:146)
	at org.testng.internal.TestMethodWorker.run(TestMethodWorker.java:128)
	at java.util.ArrayList.forEach(ArrayList.java:1257)
	at org.testng.TestRunner.privateRun(TestRunner.java:764)
	at org.testng.TestRunner.run(TestRunner.java:585)
	at org.testng.SuiteRunner.runTest(SuiteRunner.java:384)
	at org.testng.SuiteRunner.runSequentially(SuiteRunner.java:378)
	at org.testng.SuiteRunner.privateRun(SuiteRunner.java:337)
	at org.testng.SuiteRunner.run(SuiteRunner.java:286)
	at org.testng.SuiteRunnerWorker.runSuite(SuiteRunnerWorker.java:53)
	at org.testng.SuiteRunnerWorker.run(SuiteRunnerWorker.java:96)
	at org.testng.TestNG.runSuitesSequentially(TestNG.java:1218)
	at org.testng.TestNG.runSuitesLocally(TestNG.java:1140)
	at org.testng.TestNG.runSuites(TestNG.java:1069)
	at org.testng.TestNG.run(TestNG.java:1037)
	at org.apache.maven.surefire.testng.TestNGExecutor.run(TestNGExecutor.java:284)
	at org.apache.maven.surefire.testng.TestNGXmlTestSuite.execute(TestNGXmlTestSuite.java:75)
	at org.apache.maven.surefire.testng.TestNGProvider.invoke(TestNGProvider.java:119)
	at org.apache.maven.surefire.booter.ForkedBooter.runSuitesInProcess(ForkedBooter.java:428)
	at org.apache.maven.surefire.booter.ForkedBooter.execute(ForkedBooter.java:162)
	at org.apache.maven.surefire.booter.ForkedBooter.run(ForkedBooter.java:562)
	at org.apache.maven.surefire.booter.ForkedBooter.main(ForkedBooter.java:548)
</pre></div></td>
<td>5</td>
<td>ru.mail.regtest2020.tests.RegistrationTests@5167268</td></tr>
<tr>
<td title='ru.mail.regtest2020.tests.RegistrationTests.fillLastNameIncorrectDataTest()'><b>fillLastNameIncorrectDataTest</b><br>Test class: ru.mail.regtest2020.tests.RegistrationTests<br>Parameters: Булкин+</td>
<td><div><pre>java.lang.AssertionError: expected [true] but found [false]
	at ru.mail.regtest2020.tests.RegistrationTests.fillLastNameIncorrectDataTest(RegistrationTests.java:85)
	at java.util.ArrayList.forEach(ArrayList.java:1257)
... Removed 35 stack frames</pre></div><a href='#' onClick='toggleBox("stack-trace2058075777", this, "Click to show all stack frames", "Click to hide stack frames")'>Click to show all stack frames</a>
<div class='stack-trace' id='stack-trace2058075777'><pre>java.lang.AssertionError: expected [true] but found [false]
	at org.testng.Assert.fail(Assert.java:99)
	at org.testng.Assert.failNotEquals(Assert.java:1037)
	at org.testng.Assert.assertTrue(Assert.java:45)
	at org.testng.Assert.assertTrue(Assert.java:55)
	at ru.mail.regtest2020.tests.RegistrationTests.fillLastNameIncorrectDataTest(RegistrationTests.java:85)
	at sun.reflect.NativeMethodAccessorImpl.invoke0(Native Method)
	at sun.reflect.NativeMethodAccessorImpl.invoke(NativeMethodAccessorImpl.java:62)
	at sun.reflect.DelegatingMethodAccessorImpl.invoke(DelegatingMethodAccessorImpl.java:43)
	at java.lang.reflect.Method.invoke(Method.java:498)
	at org.testng.internal.MethodInvocationHelper.invokeMethod(MethodInvocationHelper.java:132)
	at org.testng.internal.TestInvoker.invokeMethod(TestInvoker.java:599)
	at org.testng.internal.TestInvoker.invokeTestMethod(TestInvoker.java:174)
	at org.testng.internal.MethodRunner.runInSequence(MethodRunner.java:46)
	at org.testng.internal.TestInvoker$MethodInvocationAgent.invoke(TestInvoker.java:822)
	at org.testng.internal.TestInvoker.invokeTestMethods(TestInvoker.java:147)
	at org.testng.internal.TestMethodWorker.invokeTestMethods(TestMethodWorker.java:146)
	at org.testng.internal.TestMethodWorker.run(TestMethodWorker.java:128)
	at java.util.ArrayList.forEach(ArrayList.java:1257)
	at org.testng.TestRunner.privateRun(TestRunner.java:764)
	at org.testng.TestRunner.run(TestRunner.java:585)
	at org.testng.SuiteRunner.runTest(SuiteRunner.java:384)
	at org.testng.SuiteRunner.runSequentially(SuiteRunner.java:378)
	at org.testng.SuiteRunner.privateRun(SuiteRunner.java:337)
	at org.testng.SuiteRunner.run(SuiteRunner.java:286)
	at org.testng.SuiteRunnerWorker.runSuite(SuiteRunnerWorker.java:53)
	at org.testng.SuiteRunnerWorker.run(SuiteRunnerWorker.java:96)
	at org.testng.TestNG.runSuitesSequentially(TestNG.java:1218)
	at org.testng.TestNG.runSuitesLocally(TestNG.java:1140)
	at org.testng.TestNG.runSuites(TestNG.java:1069)
	at org.testng.TestNG.run(TestNG.java:1037)
	at org.apache.maven.surefire.testng.TestNGExecutor.run(TestNGExecutor.java:284)
	at org.apache.maven.surefire.testng.TestNGXmlTestSuite.execute(TestNGXmlTestSuite.java:75)
	at org.apache.maven.surefire.testng.TestNGProvider.invoke(TestNGProvider.java:119)
	at org.apache.maven.surefire.booter.ForkedBooter.runSuitesInProcess(ForkedBooter.java:428)
	at org.apache.maven.surefire.booter.ForkedBooter.execute(ForkedBooter.java:162)
	at org.apache.maven.surefire.booter.ForkedBooter.run(ForkedBooter.java:562)
	at org.apache.maven.surefire.booter.ForkedBooter.main(ForkedBooter.java:548)
</pre></div></td>
<td>5</td>
<td>ru.mail.regtest2020.tests.RegistrationTests@5167268</td></tr>
<tr>
<td title='ru.mail.regtest2020.tests.RegistrationTests.fillLastNameIncorrectDataTest()'><b>fillLastNameIncorrectDataTest</b><br>Test class: ru.mail.regtest2020.tests.RegistrationTests<br>Parameters: Булкин*!</td>
<td><div><pre>java.lang.AssertionError: expected [true] but found [false]
	at ru.mail.regtest2020.tests.RegistrationTests.fillLastNameIncorrectDataTest(RegistrationTests.java:85)
	at java.util.ArrayList.forEach(ArrayList.java:1257)
... Removed 35 stack frames</pre></div><a href='#' onClick='toggleBox("stack-trace2142785271", this, "Click to show all stack frames", "Click to hide stack frames")'>Click to show all stack frames</a>
<div class='stack-trace' id='stack-trace2142785271'><pre>java.lang.AssertionError: expected [true] but found [false]
	at org.testng.Assert.fail(Assert.java:99)
	at org.testng.Assert.failNotEquals(Assert.java:1037)
	at org.testng.Assert.assertTrue(Assert.java:45)
	at org.testng.Assert.assertTrue(Assert.java:55)
	at ru.mail.regtest2020.tests.RegistrationTests.fillLastNameIncorrectDataTest(RegistrationTests.java:85)
	at sun.reflect.NativeMethodAccessorImpl.invoke0(Native Method)
	at sun.reflect.NativeMethodAccessorImpl.invoke(NativeMethodAccessorImpl.java:62)
	at sun.reflect.DelegatingMethodAccessorImpl.invoke(DelegatingMethodAccessorImpl.java:43)
	at java.lang.reflect.Method.invoke(Method.java:498)
	at org.testng.internal.MethodInvocationHelper.invokeMethod(MethodInvocationHelper.java:132)
	at org.testng.internal.TestInvoker.invokeMethod(TestInvoker.java:599)
	at org.testng.internal.TestInvoker.invokeTestMethod(TestInvoker.java:174)
	at org.testng.internal.MethodRunner.runInSequence(MethodRunner.java:46)
	at org.testng.internal.TestInvoker$MethodInvocationAgent.invoke(TestInvoker.java:822)
	at org.testng.internal.TestInvoker.invokeTestMethods(TestInvoker.java:147)
	at org.testng.internal.TestMethodWorker.invokeTestMethods(TestMethodWorker.java:146)
	at org.testng.internal.TestMethodWorker.run(TestMethodWorker.java:128)
	at java.util.ArrayList.forEach(ArrayList.java:1257)
	at org.testng.TestRunner.privateRun(TestRunner.java:764)
	at org.testng.TestRunner.run(TestRunner.java:585)
	at org.testng.SuiteRunner.runTest(SuiteRunner.java:384)
	at org.testng.SuiteRunner.runSequentially(SuiteRunner.java:378)
	at org.testng.SuiteRunner.privateRun(SuiteRunner.java:337)
	at org.testng.SuiteRunner.run(SuiteRunner.java:286)
	at org.testng.SuiteRunnerWorker.runSuite(SuiteRunnerWorker.java:53)
	at org.testng.SuiteRunnerWorker.run(SuiteRunnerWorker.java:96)
	at org.testng.TestNG.runSuitesSequentially(TestNG.java:1218)
	at org.testng.TestNG.runSuitesLocally(TestNG.java:1140)
	at org.testng.TestNG.runSuites(TestNG.java:1069)
	at org.testng.TestNG.run(TestNG.java:1037)
	at org.apache.maven.surefire.testng.TestNGExecutor.run(TestNGExecutor.java:284)
	at org.apache.maven.surefire.testng.TestNGXmlTestSuite.execute(TestNGXmlTestSuite.java:75)
	at org.apache.maven.surefire.testng.TestNGProvider.invoke(TestNGProvider.java:119)
	at org.apache.maven.surefire.booter.ForkedBooter.runSuitesInProcess(ForkedBooter.java:428)
	at org.apache.maven.surefire.booter.ForkedBooter.execute(ForkedBooter.java:162)
	at org.apache.maven.surefire.booter.ForkedBooter.run(ForkedBooter.java:562)
	at org.apache.maven.surefire.booter.ForkedBooter.main(ForkedBooter.java:548)
</pre></div></td>
<td>5</td>
<td>ru.mail.regtest2020.tests.RegistrationTests@5167268</td></tr>
<tr>
<td title='ru.mail.regtest2020.tests.RegistrationTests.fillLastNameIncorrectDataTest()'><b>fillLastNameIncorrectDataTest</b><br>Test class: ru.mail.regtest2020.tests.RegistrationTests<br>Parameters: Bulkin12</td>
<td><div><pre>java.lang.AssertionError: expected [true] but found [false]
	at ru.mail.regtest2020.tests.RegistrationTests.fillLastNameIncorrectDataTest(RegistrationTests.java:85)
	at java.util.ArrayList.forEach(ArrayList.java:1257)
... Removed 35 stack frames</pre></div><a href='#' onClick='toggleBox("stack-trace1997567347", this, "Click to show all stack frames", "Click to hide stack frames")'>Click to show all stack frames</a>
<div class='stack-trace' id='stack-trace1997567347'><pre>java.lang.AssertionError: expected [true] but found [false]
	at org.testng.Assert.fail(Assert.java:99)
	at org.testng.Assert.failNotEquals(Assert.java:1037)
	at org.testng.Assert.assertTrue(Assert.java:45)
	at org.testng.Assert.assertTrue(Assert.java:55)
	at ru.mail.regtest2020.tests.RegistrationTests.fillLastNameIncorrectDataTest(RegistrationTests.java:85)
	at sun.reflect.NativeMethodAccessorImpl.invoke0(Native Method)
	at sun.reflect.NativeMethodAccessorImpl.invoke(NativeMethodAccessorImpl.java:62)
	at sun.reflect.DelegatingMethodAccessorImpl.invoke(DelegatingMethodAccessorImpl.java:43)
	at java.lang.reflect.Method.invoke(Method.java:498)
	at org.testng.internal.MethodInvocationHelper.invokeMethod(MethodInvocationHelper.java:132)
	at org.testng.internal.TestInvoker.invokeMethod(TestInvoker.java:599)
	at org.testng.internal.TestInvoker.invokeTestMethod(TestInvoker.java:174)
	at org.testng.internal.MethodRunner.runInSequence(MethodRunner.java:46)
	at org.testng.internal.TestInvoker$MethodInvocationAgent.invoke(TestInvoker.java:822)
	at org.testng.internal.TestInvoker.invokeTestMethods(TestInvoker.java:147)
	at org.testng.internal.TestMethodWorker.invokeTestMethods(TestMethodWorker.java:146)
	at org.testng.internal.TestMethodWorker.run(TestMethodWorker.java:128)
	at java.util.ArrayList.forEach(ArrayList.java:1257)
	at org.testng.TestRunner.privateRun(TestRunner.java:764)
	at org.testng.TestRunner.run(TestRunner.java:585)
	at org.testng.SuiteRunner.runTest(SuiteRunner.java:384)
	at org.testng.SuiteRunner.runSequentially(SuiteRunner.java:378)
	at org.testng.SuiteRunner.privateRun(SuiteRunner.java:337)
	at org.testng.SuiteRunner.run(SuiteRunner.java:286)
	at org.testng.SuiteRunnerWorker.runSuite(SuiteRunnerWorker.java:53)
	at org.testng.SuiteRunnerWorker.run(SuiteRunnerWorker.java:96)
	at org.testng.TestNG.runSuitesSequentially(TestNG.java:1218)
	at org.testng.TestNG.runSuitesLocally(TestNG.java:1140)
	at org.testng.TestNG.runSuites(TestNG.java:1069)
	at org.testng.TestNG.run(TestNG.java:1037)
	at org.apache.maven.surefire.testng.TestNGExecutor.run(TestNGExecutor.java:284)
	at org.apache.maven.surefire.testng.TestNGXmlTestSuite.execute(TestNGXmlTestSuite.java:75)
	at org.apache.maven.surefire.testng.TestNGProvider.invoke(TestNGProvider.java:119)
	at org.apache.maven.surefire.booter.ForkedBooter.runSuitesInProcess(ForkedBooter.java:428)
	at org.apache.maven.surefire.booter.ForkedBooter.execute(ForkedBooter.java:162)
	at org.apache.maven.surefire.booter.ForkedBooter.run(ForkedBooter.java:562)
	at org.apache.maven.surefire.booter.ForkedBooter.main(ForkedBooter.java:548)
</pre></div></td>
<td>5</td>
<td>ru.mail.regtest2020.tests.RegistrationTests@5167268</td></tr>
<tr>
<td title='ru.mail.regtest2020.tests.RegistrationTests.fillLastNameIncorrectDataTest()'><b>fillLastNameIncorrectDataTest</b><br>Test class: ru.mail.regtest2020.tests.RegistrationTests<br>Parameters: Bulkin%</td>
<td><div><pre>java.lang.AssertionError: expected [true] but found [false]
	at ru.mail.regtest2020.tests.RegistrationTests.fillLastNameIncorrectDataTest(RegistrationTests.java:85)
	at java.util.ArrayList.forEach(ArrayList.java:1257)
... Removed 35 stack frames</pre></div><a href='#' onClick='toggleBox("stack-trace1395115267", this, "Click to show all stack frames", "Click to hide stack frames")'>Click to show all stack frames</a>
<div class='stack-trace' id='stack-trace1395115267'><pre>java.lang.AssertionError: expected [true] but found [false]
	at org.testng.Assert.fail(Assert.java:99)
	at org.testng.Assert.failNotEquals(Assert.java:1037)
	at org.testng.Assert.assertTrue(Assert.java:45)
	at org.testng.Assert.assertTrue(Assert.java:55)
	at ru.mail.regtest2020.tests.RegistrationTests.fillLastNameIncorrectDataTest(RegistrationTests.java:85)
	at sun.reflect.NativeMethodAccessorImpl.invoke0(Native Method)
	at sun.reflect.NativeMethodAccessorImpl.invoke(NativeMethodAccessorImpl.java:62)
	at sun.reflect.DelegatingMethodAccessorImpl.invoke(DelegatingMethodAccessorImpl.java:43)
	at java.lang.reflect.Method.invoke(Method.java:498)
	at org.testng.internal.MethodInvocationHelper.invokeMethod(MethodInvocationHelper.java:132)
	at org.testng.internal.TestInvoker.invokeMethod(TestInvoker.java:599)
	at org.testng.internal.TestInvoker.invokeTestMethod(TestInvoker.java:174)
	at org.testng.internal.MethodRunner.runInSequence(MethodRunner.java:46)
	at org.testng.internal.TestInvoker$MethodInvocationAgent.invoke(TestInvoker.java:822)
	at org.testng.internal.TestInvoker.invokeTestMethods(TestInvoker.java:147)
	at org.testng.internal.TestMethodWorker.invokeTestMethods(TestMethodWorker.java:146)
	at org.testng.internal.TestMethodWorker.run(TestMethodWorker.java:128)
	at java.util.ArrayList.forEach(ArrayList.java:1257)
	at org.testng.TestRunner.privateRun(TestRunner.java:764)
	at org.testng.TestRunner.run(TestRunner.java:585)
	at org.testng.SuiteRunner.runTest(SuiteRunner.java:384)
	at org.testng.SuiteRunner.runSequentially(SuiteRunner.java:378)
	at org.testng.SuiteRunner.privateRun(SuiteRunner.java:337)
	at org.testng.SuiteRunner.run(SuiteRunner.java:286)
	at org.testng.SuiteRunnerWorker.runSuite(SuiteRunnerWorker.java:53)
	at org.testng.SuiteRunnerWorker.run(SuiteRunnerWorker.java:96)
	at org.testng.TestNG.runSuitesSequentially(TestNG.java:1218)
	at org.testng.TestNG.runSuitesLocally(TestNG.java:1140)
	at org.testng.TestNG.runSuites(TestNG.java:1069)
	at org.testng.TestNG.run(TestNG.java:1037)
	at org.apache.maven.surefire.testng.TestNGExecutor.run(TestNGExecutor.java:284)
	at org.apache.maven.surefire.testng.TestNGXmlTestSuite.execute(TestNGXmlTestSuite.java:75)
	at org.apache.maven.surefire.testng.TestNGProvider.invoke(TestNGProvider.java:119)
	at org.apache.maven.surefire.booter.ForkedBooter.runSuitesInProcess(ForkedBooter.java:428)
	at org.apache.maven.surefire.booter.ForkedBooter.execute(ForkedBooter.java:162)
	at org.apache.maven.surefire.booter.ForkedBooter.run(ForkedBooter.java:562)
	at org.apache.maven.surefire.booter.ForkedBooter.main(ForkedBooter.java:548)
</pre></div></td>
<td>5</td>
<td>ru.mail.regtest2020.tests.RegistrationTests@5167268</td></tr>
<tr>
<td title='ru.mail.regtest2020.tests.RegistrationTests.fillLastNameIncorrectDataTest()'><b>fillLastNameIncorrectDataTest</b><br>Test class: ru.mail.regtest2020.tests.RegistrationTests<br>Parameters: 2</td>
<td><div><pre>java.lang.AssertionError: expected [true] but found [false]
	at ru.mail.regtest2020.tests.RegistrationTests.fillLastNameIncorrectDataTest(RegistrationTests.java:85)
	at java.util.ArrayList.forEach(ArrayList.java:1257)
... Removed 35 stack frames</pre></div><a href='#' onClick='toggleBox("stack-trace1143010516", this, "Click to show all stack frames", "Click to hide stack frames")'>Click to show all stack frames</a>
<div class='stack-trace' id='stack-trace1143010516'><pre>java.lang.AssertionError: expected [true] but found [false]
	at org.testng.Assert.fail(Assert.java:99)
	at org.testng.Assert.failNotEquals(Assert.java:1037)
	at org.testng.Assert.assertTrue(Assert.java:45)
	at org.testng.Assert.assertTrue(Assert.java:55)
	at ru.mail.regtest2020.tests.RegistrationTests.fillLastNameIncorrectDataTest(RegistrationTests.java:85)
	at sun.reflect.NativeMethodAccessorImpl.invoke0(Native Method)
	at sun.reflect.NativeMethodAccessorImpl.invoke(NativeMethodAccessorImpl.java:62)
	at sun.reflect.DelegatingMethodAccessorImpl.invoke(DelegatingMethodAccessorImpl.java:43)
	at java.lang.reflect.Method.invoke(Method.java:498)
	at org.testng.internal.MethodInvocationHelper.invokeMethod(MethodInvocationHelper.java:132)
	at org.testng.internal.TestInvoker.invokeMethod(TestInvoker.java:599)
	at org.testng.internal.TestInvoker.invokeTestMethod(TestInvoker.java:174)
	at org.testng.internal.MethodRunner.runInSequence(MethodRunner.java:46)
	at org.testng.internal.TestInvoker$MethodInvocationAgent.invoke(TestInvoker.java:822)
	at org.testng.internal.TestInvoker.invokeTestMethods(TestInvoker.java:147)
	at org.testng.internal.TestMethodWorker.invokeTestMethods(TestMethodWorker.java:146)
	at org.testng.internal.TestMethodWorker.run(TestMethodWorker.java:128)
	at java.util.ArrayList.forEach(ArrayList.java:1257)
	at org.testng.TestRunner.privateRun(TestRunner.java:764)
	at org.testng.TestRunner.run(TestRunner.java:585)
	at org.testng.SuiteRunner.runTest(SuiteRunner.java:384)
	at org.testng.SuiteRunner.runSequentially(SuiteRunner.java:378)
	at org.testng.SuiteRunner.privateRun(SuiteRunner.java:337)
	at org.testng.SuiteRunner.run(SuiteRunner.java:286)
	at org.testng.SuiteRunnerWorker.runSuite(SuiteRunnerWorker.java:53)
	at org.testng.SuiteRunnerWorker.run(SuiteRunnerWorker.java:96)
	at org.testng.TestNG.runSuitesSequentially(TestNG.java:1218)
	at org.testng.TestNG.runSuitesLocally(TestNG.java:1140)
	at org.testng.TestNG.runSuites(TestNG.java:1069)
	at org.testng.TestNG.run(TestNG.java:1037)
	at org.apache.maven.surefire.testng.TestNGExecutor.run(TestNGExecutor.java:284)
	at org.apache.maven.surefire.testng.TestNGXmlTestSuite.execute(TestNGXmlTestSuite.java:75)
	at org.apache.maven.surefire.testng.TestNGProvider.invoke(TestNGProvider.java:119)
	at org.apache.maven.surefire.booter.ForkedBooter.runSuitesInProcess(ForkedBooter.java:428)
	at org.apache.maven.surefire.booter.ForkedBooter.execute(ForkedBooter.java:162)
	at org.apache.maven.surefire.booter.ForkedBooter.run(ForkedBooter.java:562)
	at org.apache.maven.surefire.booter.ForkedBooter.main(ForkedBooter.java:548)
</pre></div></td>
<td>5</td>
<td>ru.mail.regtest2020.tests.RegistrationTests@5167268</td></tr>
</table><p>
<table width='100%' border='1' class='invocation-passed'>
<tr><td colspan='4' align='center'><b>PASSED TESTS</b></td></tr>
<tr><td><b>Test method</b></td>
<td width="30%"><b>Exception</b></td>
<td width="10%"><b>Time (seconds)</b></td>
<td><b>Instance</b></td>
</tr>
<tr>
<td title='ru.mail.regtest2020.tests.RegistrationTests.checkRequiredFieldsTest()'><b>checkRequiredFieldsTest</b><br>Test class: ru.mail.regtest2020.tests.RegistrationTests<br>Parameters: firstName</td>
<td></td>
<td>1</td>
<td>ru.mail.regtest2020.tests.RegistrationTests@5167268</td></tr>
<tr>
<td title='ru.mail.regtest2020.tests.RegistrationTests.checkRequiredFieldsTest()'><b>checkRequiredFieldsTest</b><br>Test class: ru.mail.regtest2020.tests.RegistrationTests<br>Parameters: lastName</td>
<td></td>
<td>0</td>
<td>ru.mail.regtest2020.tests.RegistrationTests@5167268</td></tr>
<tr>
<td title='ru.mail.regtest2020.tests.RegistrationTests.checkRequiredFieldsTest()'><b>checkRequiredFieldsTest</b><br>Test class: ru.mail.regtest2020.tests.RegistrationTests<br>Parameters: email</td>
<td></td>
<td>0</td>
<td>ru.mail.regtest2020.tests.RegistrationTests@5167268</td></tr>
<tr>
<td title='ru.mail.regtest2020.tests.RegistrationTests.checkRequiredFieldsTest()'><b>checkRequiredFieldsTest</b><br>Test class: ru.mail.regtest2020.tests.RegistrationTests<br>Parameters: password</td>
<td></td>
<td>1</td>
<td>ru.mail.regtest2020.tests.RegistrationTests@5167268</td></tr>
<tr>
<td title='ru.mail.regtest2020.tests.RegistrationTests.checkRequiredFieldsTest()'><b>checkRequiredFieldsTest</b><br>Test class: ru.mail.regtest2020.tests.RegistrationTests<br>Parameters: confirmPassword</td>
<td></td>
<td>0</td>
<td>ru.mail.regtest2020.tests.RegistrationTests@5167268</td></tr>
<tr>
<td title='ru.mail.regtest2020.tests.RegistrationTests.fillEmailCorrectDataTest()'><b>fillEmailCorrectDataTest</b><br>Test class: ru.mail.regtest2020.tests.RegistrationTests<br>Parameters: bulkin_ivan@mail12.ru</td>
<td></td>
<td>6</td>
<td>ru.mail.regtest2020.tests.RegistrationTests@5167268</td></tr>
<tr>
<td title='ru.mail.regtest2020.tests.RegistrationTests.fillEmailCorrectDataTest()'><b>fillEmailCorrectDataTest</b><br>Test class: ru.mail.regtest2020.tests.RegistrationTests<br>Parameters: bulkin25@mail.ru</td>
<td></td>
<td>5</td>
<td>ru.mail.regtest2020.tests.RegistrationTests@5167268</td></tr>
<tr>
<td title='ru.mail.regtest2020.tests.RegistrationTests.fillEmailCorrectDataTest()'><b>fillEmailCorrectDataTest</b><br>Test class: ru.mail.regtest2020.tests.RegistrationTests<br>Parameters: bulkin.ivan@mail.ru</td>
<td></td>
<td>5</td>
<td>ru.mail.regtest2020.tests.RegistrationTests@5167268</td></tr>
<tr>
<td title='ru.mail.regtest2020.tests.RegistrationTests.fillEmailCorrectDataTest()'><b>fillEmailCorrectDataTest</b><br>Test class: ru.mail.regtest2020.tests.RegistrationTests<br>Parameters: bulkin-ivan@mail.ru</td>
<td></td>
<td>5</td>
<td>ru.mail.regtest2020.tests.RegistrationTests@5167268</td></tr>
<tr>
<td title='ru.mail.regtest2020.tests.RegistrationTests.fillEmailCorrectDataTest()'><b>fillEmailCorrectDataTest</b><br>Test class: ru.mail.regtest2020.tests.RegistrationTests<br>Parameters: ivan@mail-mail.ru</td>
<td></td>
<td>5</td>
<td>ru.mail.regtest2020.tests.RegistrationTests@5167268</td></tr>
<tr>
<td title='ru.mail.regtest2020.tests.RegistrationTests.fillEmailCorrectDataTest()'><b>fillEmailCorrectDataTest</b><br>Test class: ru.mail.regtest2020.tests.RegistrationTests<br>Parameters: IVAN@mail.ru</td>
<td></td>
<td>5</td>
<td>ru.mail.regtest2020.tests.RegistrationTests@5167268</td></tr>
<tr>
<td title='ru.mail.regtest2020.tests.RegistrationTests.fillEmailIncorrectDataTest()'><b>fillEmailIncorrectDataTest</b><br>Test class: ru.mail.regtest2020.tests.RegistrationTests<br>Parameters: bulkin ivan@mail.ru</td>
<td></td>
<td>0</td>
<td>ru.mail.regtest2020.tests.RegistrationTests@5167268</td></tr>
<tr>
<td title='ru.mail.regtest2020.tests.RegistrationTests.fillEmailIncorrectDataTest()'><b>fillEmailIncorrectDataTest</b><br>Test class: ru.mail.regtest2020.tests.RegistrationTests<br>Parameters: bulkin@mail</td>
<td></td>
<td>0</td>
<td>ru.mail.regtest2020.tests.RegistrationTests@5167268</td></tr>
<tr>
<td title='ru.mail.regtest2020.tests.RegistrationTests.fillEmailIncorrectDataTest()'><b>fillEmailIncorrectDataTest</b><br>Test class: ru.mail.regtest2020.tests.RegistrationTests<br>Parameters: ivan@.ru</td>
<td></td>
<td>0</td>
<td>ru.mail.regtest2020.tests.RegistrationTests@5167268</td></tr>
<tr>
<td title='ru.mail.regtest2020.tests.RegistrationTests.fillEmailIncorrectDataTest()'><b>fillEmailIncorrectDataTest</b><br>Test class: ru.mail.regtest2020.tests.RegistrationTests<br>Parameters:  </td>
<td></td>
<td>0</td>
<td>ru.mail.regtest2020.tests.RegistrationTests@5167268</td></tr>
<tr>
<td title='ru.mail.regtest2020.tests.RegistrationTests.fillEmailIncorrectDataTest()'><b>fillEmailIncorrectDataTest</b><br>Test class: ru.mail.regtest2020.tests.RegistrationTests<br>Parameters: ivan#mail.ru</td>
<td></td>
<td>1</td>
<td>ru.mail.regtest2020.tests.RegistrationTests@5167268</td></tr>
<tr>
<td title='ru.mail.regtest2020.tests.RegistrationTests.fillEmailIncorrectDataTest()'><b>fillEmailIncorrectDataTest</b><br>Test class: ru.mail.regtest2020.tests.RegistrationTests<br>Parameters: Iivan@ma%il.ru</td>
<td></td>
<td>0</td>
<td>ru.mail.regtest2020.tests.RegistrationTests@5167268</td></tr>
<tr>
<td title='ru.mail.regtest2020.tests.RegistrationTests.fillEmailIncorrectDataTest()'><b>fillEmailIncorrectDataTest</b><br>Test class: ru.mail.regtest2020.tests.RegistrationTests<br>Parameters: ivan@mail mail.ru</td>
<td></td>
<td>0</td>
<td>ru.mail.regtest2020.tests.RegistrationTests@5167268</td></tr>
<tr>
<td title='ru.mail.regtest2020.tests.RegistrationTests.fillEmailIncorrectDataTest()'><b>fillEmailIncorrectDataTest</b><br>Test class: ru.mail.regtest2020.tests.RegistrationTests<br>Parameters: @mail.ru</td>
<td></td>
<td>1</td>
<td>ru.mail.regtest2020.tests.RegistrationTests@5167268</td></tr>
<tr>
<td title='ru.mail.regtest2020.tests.RegistrationTests.fillFirstNameCorrectDataTest()'><b>fillFirstNameCorrectDataTest</b><br>Test class: ru.mail.regtest2020.tests.RegistrationTests<br>Parameters: И</td>
<td></td>
<td>5</td>
<td>ru.mail.regtest2020.tests.RegistrationTests@5167268</td></tr>
<tr>
<td title='ru.mail.regtest2020.tests.RegistrationTests.fillFirstNameCorrectDataTest()'><b>fillFirstNameCorrectDataTest</b><br>Test class: ru.mail.regtest2020.tests.RegistrationTests<br>Parameters: Иван-Иван</td>
<td></td>
<td>5</td>
<td>ru.mail.regtest2020.tests.RegistrationTests@5167268</td></tr>
<tr>
<td title='ru.mail.regtest2020.tests.RegistrationTests.fillFirstNameCorrectDataTest()'><b>fillFirstNameCorrectDataTest</b><br>Test class: ru.mail.regtest2020.tests.RegistrationTests<br>Parameters:  Иван </td>
<td></td>
<td>5</td>
<td>ru.mail.regtest2020.tests.RegistrationTests@5167268</td></tr>
<tr>
<td title='ru.mail.regtest2020.tests.RegistrationTests.fillFirstNameCorrectDataTest()'><b>fillFirstNameCorrectDataTest</b><br>Test class: ru.mail.regtest2020.tests.RegistrationTests<br>Parameters: Ivan</td>
<td></td>
<td>5</td>
<td>ru.mail.regtest2020.tests.RegistrationTests@5167268</td></tr>
<tr>
<td title='ru.mail.regtest2020.tests.RegistrationTests.fillFirstNameCorrectDataTest()'><b>fillFirstNameCorrectDataTest</b><br>Test class: ru.mail.regtest2020.tests.RegistrationTests<br>Parameters: I</td>
<td></td>
<td>5</td>
<td>ru.mail.regtest2020.tests.RegistrationTests@5167268</td></tr>
<tr>
<td title='ru.mail.regtest2020.tests.RegistrationTests.fillFirstNameCorrectDataTest()'><b>fillFirstNameCorrectDataTest</b><br>Test class: ru.mail.regtest2020.tests.RegistrationTests<br>Parameters: Иван Иван</td>
<td></td>
<td>5</td>
<td>ru.mail.regtest2020.tests.RegistrationTests@5167268</td></tr>
<tr>
<td title='ru.mail.regtest2020.tests.RegistrationTests.fillFirstNameIncorrectDataTest()'><b>fillFirstNameIncorrectDataTest</b><br>Test class: ru.mail.regtest2020.tests.RegistrationTests<br>Parameters: Иван2</td>
<td></td>
<td>0</td>
<td>ru.mail.regtest2020.tests.RegistrationTests@5167268</td></tr>
<tr>
<td title='ru.mail.regtest2020.tests.RegistrationTests.fillFirstNameIncorrectDataTest()'><b>fillFirstNameIncorrectDataTest</b><br>Test class: ru.mail.regtest2020.tests.RegistrationTests<br>Parameters: Иван+</td>
<td></td>
<td>0</td>
<td>ru.mail.regtest2020.tests.RegistrationTests@5167268</td></tr>
<tr>
<td title='ru.mail.regtest2020.tests.RegistrationTests.fillFirstNameIncorrectDataTest()'><b>fillFirstNameIncorrectDataTest</b><br>Test class: ru.mail.regtest2020.tests.RegistrationTests<br>Parameters: Иван*!</td>
<td></td>
<td>0</td>
<td>ru.mail.regtest2020.tests.RegistrationTests@5167268</td></tr>
<tr>
<td title='ru.mail.regtest2020.tests.RegistrationTests.fillFirstNameIncorrectDataTest()'><b>fillFirstNameIncorrectDataTest</b><br>Test class: ru.mail.regtest2020.tests.RegistrationTests<br>Parameters:  </td>
<td></td>
<td>0</td>
<td>ru.mail.regtest2020.tests.RegistrationTests@5167268</td></tr>
<tr>
<td title='ru.mail.regtest2020.tests.RegistrationTests.fillFirstNameIncorrectDataTest()'><b>fillFirstNameIncorrectDataTest</b><br>Test class: ru.mail.regtest2020.tests.RegistrationTests<br>Parameters: Ivan12</td>
<td></td>
<td>0</td>
<td>ru.mail.regtest2020.tests.RegistrationTests@5167268</td></tr>
<tr>
<td title='ru.mail.regtest2020.tests.RegistrationTests.fillFirstNameIncorrectDataTest()'><b>fillFirstNameIncorrectDataTest</b><br>Test class: ru.mail.regtest2020.tests.RegistrationTests<br>Parameters: Ivan%</td>
<td></td>
<td>0</td>
<td>ru.mail.regtest2020.tests.RegistrationTests@5167268</td></tr>
<tr>
<td title='ru.mail.regtest2020.tests.RegistrationTests.fillLastNameCorrectDataTest()'><b>fillLastNameCorrectDataTest</b><br>Test class: ru.mail.regtest2020.tests.RegistrationTests<br>Parameters: Б</td>
<td></td>
<td>5</td>
<td>ru.mail.regtest2020.tests.RegistrationTests@5167268</td></tr>
<tr>
<td title='ru.mail.regtest2020.tests.RegistrationTests.fillLastNameCorrectDataTest()'><b>fillLastNameCorrectDataTest</b><br>Test class: ru.mail.regtest2020.tests.RegistrationTests<br>Parameters: Бул-кин</td>
<td></td>
<td>5</td>
<td>ru.mail.regtest2020.tests.RegistrationTests@5167268</td></tr>
<tr>
<td title='ru.mail.regtest2020.tests.RegistrationTests.fillLastNameCorrectDataTest()'><b>fillLastNameCorrectDataTest</b><br>Test class: ru.mail.regtest2020.tests.RegistrationTests<br>Parameters:  Булкин </td>
<td></td>
<td>5</td>
<td>ru.mail.regtest2020.tests.RegistrationTests@5167268</td></tr>
<tr>
<td title='ru.mail.regtest2020.tests.RegistrationTests.fillLastNameCorrectDataTest()'><b>fillLastNameCorrectDataTest</b><br>Test class: ru.mail.regtest2020.tests.RegistrationTests<br>Parameters: Bulkin</td>
<td></td>
<td>5</td>
<td>ru.mail.regtest2020.tests.RegistrationTests@5167268</td></tr>
<tr>
<td title='ru.mail.regtest2020.tests.RegistrationTests.fillLastNameCorrectDataTest()'><b>fillLastNameCorrectDataTest</b><br>Test class: ru.mail.regtest2020.tests.RegistrationTests<br>Parameters: B</td>
<td></td>
<td>5</td>
<td>ru.mail.regtest2020.tests.RegistrationTests@5167268</td></tr>
<tr>
<td title='ru.mail.regtest2020.tests.RegistrationTests.fillLastNameCorrectDataTest()'><b>fillLastNameCorrectDataTest</b><br>Test class: ru.mail.regtest2020.tests.RegistrationTests<br>Parameters: Булкин Плюшкин</td>
<td></td>
<td>5</td>
<td>ru.mail.regtest2020.tests.RegistrationTests@5167268</td></tr>
<tr>
<td title='ru.mail.regtest2020.tests.RegistrationTests.fillLastNameIncorrectDataTest()'><b>fillLastNameIncorrectDataTest</b><br>Test class: ru.mail.regtest2020.tests.RegistrationTests<br>Parameters:  </td>
<td></td>
<td>0</td>
<td>ru.mail.regtest2020.tests.RegistrationTests@5167268</td></tr>
<tr>
<td title='ru.mail.regtest2020.tests.RegistrationTests.fillLastNameIncorrectDataTest()'><b>fillLastNameIncorrectDataTest</b><br>Test class: ru.mail.regtest2020.tests.RegistrationTests<br>Parameters: =</td>
<td></td>
<td>0</td>
<td>ru.mail.regtest2020.tests.RegistrationTests@5167268</td></tr>
<tr>
<td title='ru.mail.regtest2020.tests.RegistrationTests.fillPasswordCorrectDataTest()'><b>fillPasswordCorrectDataTest</b><br>Test class: ru.mail.regtest2020.tests.RegistrationTests<br>Parameters: 12345</td>
<td></td>
<td>5</td>
<td>ru.mail.regtest2020.tests.RegistrationTests@5167268</td></tr>
<tr>
<td title='ru.mail.regtest2020.tests.RegistrationTests.fillPasswordCorrectDataTest()'><b>fillPasswordCorrectDataTest</b><br>Test class: ru.mail.regtest2020.tests.RegistrationTests<br>Parameters:  12345 </td>
<td></td>
<td>5</td>
<td>ru.mail.regtest2020.tests.RegistrationTests@5167268</td></tr>
<tr>
<td title='ru.mail.regtest2020.tests.RegistrationTests.fillPasswordCorrectDataTest()'><b>fillPasswordCorrectDataTest</b><br>Test class: ru.mail.regtest2020.tests.RegistrationTests<br>Parameters: 12345t</td>
<td></td>
<td>5</td>
<td>ru.mail.regtest2020.tests.RegistrationTests@5167268</td></tr>
<tr>
<td title='ru.mail.regtest2020.tests.RegistrationTests.fillPasswordIncorrectDataTest()'><b>fillPasswordIncorrectDataTest</b><br>Test class: ru.mail.regtest2020.tests.RegistrationTests<br>Parameters:  </td>
<td></td>
<td>0</td>
<td>ru.mail.regtest2020.tests.RegistrationTests@5167268</td></tr>
<tr>
<td title='ru.mail.regtest2020.tests.RegistrationTests.fillPasswordIncorrectDataTest()'><b>fillPasswordIncorrectDataTest</b><br>Test class: ru.mail.regtest2020.tests.RegistrationTests<br>Parameters: 1234</td>
<td></td>
<td>0</td>
<td>ru.mail.regtest2020.tests.RegistrationTests@5167268</td></tr>
<tr>
<td title='ru.mail.regtest2020.tests.RegistrationTests.fillPasswordIncorrectDataTest()'><b>fillPasswordIncorrectDataTest</b><br>Test class: ru.mail.regtest2020.tests.RegistrationTests<br>Parameters: 1</td>
<td></td>
<td>0</td>
<td>ru.mail.regtest2020.tests.RegistrationTests@5167268</td></tr>
<tr>
<td title='ru.mail.regtest2020.tests.LoginTests.loginWithWrongPasswordOrLoginTest()'><b>loginWithWrongPasswordOrLoginTest</b><br>Test class: ru.mail.regtest2020.tests.LoginTests<br>Parameters: regtest.2020@mail.ru, wrongpassword</td>
<td></td>
<td>3</td>
<td>ru.mail.regtest2020.tests.LoginTests@320e400</td></tr>
<tr>
<td title='ru.mail.regtest2020.tests.LoginTests.loginWithWrongPasswordOrLoginTest()'><b>loginWithWrongPasswordOrLoginTest</b><br>Test class: ru.mail.regtest2020.tests.LoginTests<br>Parameters: wronglogin@df.er, 12345</td>
<td></td>
<td>3</td>
<td>ru.mail.regtest2020.tests.LoginTests@320e400</td></tr>
<tr>
<td title='ru.mail.regtest2020.tests.RegistrationTests.passwordNotConfirmedTest()'><b>passwordNotConfirmedTest</b><br>Test class: ru.mail.regtest2020.tests.RegistrationTests</td>
<td></td>
<td>0</td>
<td>ru.mail.regtest2020.tests.RegistrationTests@5167268</td></tr>
<tr>
<td title='ru.mail.regtest2020.tests.RegistrationTests.registrationWithExistEmailTest()'><b>registrationWithExistEmailTest</b><br>Test class: ru.mail.regtest2020.tests.RegistrationTests</td>
<td></td>
<td>1</td>
<td>ru.mail.regtest2020.tests.RegistrationTests@5167268</td></tr>
<tr>
<td title='ru.mail.regtest2020.tests.LoginTests.successfulLoginTest()'><b>successfulLoginTest</b><br>Test class: ru.mail.regtest2020.tests.LoginTests<br>Parameters: regtest.2020@mail.ru, 12345</td>
<td></td>
<td>7</td>
<td>ru.mail.regtest2020.tests.LoginTests@320e400</td></tr>
<tr>
<td title='ru.mail.regtest2020.tests.LoginTests.successfulLoginTest()'><b>successfulLoginTest</b><br>Test class: ru.mail.regtest2020.tests.LoginTests<br>Parameters:  regtest.2020@mail.ru ,  12345 </td>
<td></td>
<td>7</td>
<td>ru.mail.regtest2020.tests.LoginTests@320e400</td></tr>
<tr>
<td title='ru.mail.regtest2020.tests.RegistrationTests.successfulRegistrationTest()'><b>successfulRegistrationTest</b><br>Test class: ru.mail.regtest2020.tests.RegistrationTests</td>
<td></td>
<td>4</td>
<td>ru.mail.regtest2020.tests.RegistrationTests@5167268</td></tr>
</table><p>
</body>
</html>